Performing C SOURCE FILE Test CMAKE_HAVE_LIBC_PTHREAD failed with the following output:
Change Dir: /workspaces/Mini-SLAM/build/CMakeFiles/CMakeTmp

Run Build Command(s):/usr/bin/make cmTC_59dec/fast && /usr/bin/make -f CMakeFiles/cmTC_59dec.dir/build.make CMakeFiles/cmTC_59dec.dir/build
make[1]: Entering directory '/workspaces/Mini-SLAM/build/CMakeFiles/CMakeTmp'
Building C object CMakeFiles/cmTC_59dec.dir/src.c.o
/usr/bin/cc   -DCMAKE_HAVE_LIBC_PTHREAD   -o CMakeFiles/cmTC_59dec.dir/src.c.o   -c /workspaces/Mini-SLAM/build/CMakeFiles/CMakeTmp/src.c
Linking C executable cmTC_59dec
/usr/bin/cmake -E cmake_link_script CMakeFiles/cmTC_59dec.dir/link.txt --verbose=1
/usr/bin/cc  -DCMAKE_HAVE_LIBC_PTHREAD    CMakeFiles/cmTC_59dec.dir/src.c.o  -o cmTC_59dec 
/usr/bin/ld: CMakeFiles/cmTC_59dec.dir/src.c.o: in function `main':
src.c:(.text+0x46): undefined reference to `pthread_create'
/usr/bin/ld: src.c:(.text+0x52): undefined reference to `pthread_detach'
/usr/bin/ld: src.c:(.text+0x63): undefined reference to `pthread_join'
collect2: error: ld returned 1 exit status
make[1]: *** [CMakeFiles/cmTC_59dec.dir/build.make:87: cmTC_59dec] Error 1
make[1]: Leaving directory '/workspaces/Mini-SLAM/build/CMakeFiles/CMakeTmp'
make: *** [Makefile:121: cmTC_59dec/fast] Error 2


Source file was:
#include <pthread.h>

void* test_func(void* data)
{
  return data;
}

int main(void)
{
  pthread_t thread;
  pthread_create(&thread, NULL, test_func, NULL);
  pthread_detach(thread);
  pthread_join(thread, NULL);
  pthread_atfork(NULL, NULL, NULL);
  pthread_exit(NULL);

  return 0;
}

Determining if the function pthread_create exists in the pthreads failed with the following output:
Change Dir: /workspaces/Mini-SLAM/build/CMakeFiles/CMakeTmp

Run Build Command(s):/usr/bin/make cmTC_b5204/fast && /usr/bin/make -f CMakeFiles/cmTC_b5204.dir/build.make CMakeFiles/cmTC_b5204.dir/build
make[1]: Entering directory '/workspaces/Mini-SLAM/build/CMakeFiles/CMakeTmp'
Building C object CMakeFiles/cmTC_b5204.dir/CheckFunctionExists.c.o
/usr/bin/cc   -DCHECK_FUNCTION_EXISTS=pthread_create   -o CMakeFiles/cmTC_b5204.dir/CheckFunctionExists.c.o   -c /usr/share/cmake-3.16/Modules/CheckFunctionExists.c
Linking C executable cmTC_b5204
/usr/bin/cmake -E cmake_link_script CMakeFiles/cmTC_b5204.dir/link.txt --verbose=1
/usr/bin/cc  -DCHECK_FUNCTION_EXISTS=pthread_create    CMakeFiles/cmTC_b5204.dir/CheckFunctionExists.c.o  -o cmTC_b5204  -lpthreads 
/usr/bin/ld: cannot find -lpthreads
collect2: error: ld returned 1 exit status
make[1]: *** [CMakeFiles/cmTC_b5204.dir/build.make:87: cmTC_b5204] Error 1
make[1]: Leaving directory '/workspaces/Mini-SLAM/build/CMakeFiles/CMakeTmp'
make: *** [Makefile:121: cmTC_b5204/fast] Error 2



Performing C SOURCE FILE Test CMAKE_HAVE_LIBC_PTHREAD failed with the following output:
Change Dir: /workspaces/Mini-SLAM/build/CMakeFiles/CMakeTmp

Run Build Command(s):/usr/bin/ninja cmTC_27678 && [1/2] Building C object CMakeFiles/cmTC_27678.dir/src.c.o
[2/2] Linking C executable cmTC_27678
FAILED: cmTC_27678 
: && /usr/bin/gcc -DCMAKE_HAVE_LIBC_PTHREAD   CMakeFiles/cmTC_27678.dir/src.c.o  -o cmTC_27678   && :
/usr/bin/ld: CMakeFiles/cmTC_27678.dir/src.c.o: in function `main':
src.c:(.text+0x46): undefined reference to `pthread_create'
/usr/bin/ld: src.c:(.text+0x52): undefined reference to `pthread_detach'
/usr/bin/ld: src.c:(.text+0x63): undefined reference to `pthread_join'
collect2: error: ld returned 1 exit status
ninja: build stopped: subcommand failed.


Source file was:
#include <pthread.h>

void* test_func(void* data)
{
  return data;
}

int main(void)
{
  pthread_t thread;
  pthread_create(&thread, NULL, test_func, NULL);
  pthread_detach(thread);
  pthread_join(thread, NULL);
  pthread_atfork(NULL, NULL, NULL);
  pthread_exit(NULL);

  return 0;
}

Determining if the function pthread_create exists in the pthreads failed with the following output:
Change Dir: /workspaces/Mini-SLAM/build/CMakeFiles/CMakeTmp

Run Build Command(s):/usr/bin/ninja cmTC_5e6ea && [1/2] Building C object CMakeFiles/cmTC_5e6ea.dir/CheckFunctionExists.c.o
[2/2] Linking C executable cmTC_5e6ea
FAILED: cmTC_5e6ea 
: && /usr/bin/gcc -DCHECK_FUNCTION_EXISTS=pthread_create   CMakeFiles/cmTC_5e6ea.dir/CheckFunctionExists.c.o  -o cmTC_5e6ea  -lpthreads && :
/usr/bin/ld: cannot find -lpthreads
collect2: error: ld returned 1 exit status
ninja: build stopped: subcommand failed.



